# JRE version: OpenJDK Runtime Environment (Zulu 8.52.0.23-CA-win64) (8.0_282-b08) (build 1.8.0_282-b08)
# Java VM: OpenJDK 64-Bit Server VM (25.282-b08 mixed mode windows-amd64 compressed oops)
Heap:
 PSYoungGen      total 70656K, used 11905K [0x00000000d5580000, 0x00000000db600000, 0x0000000100000000)
  eden space 59904K, 1% used [0x00000000d5580000,0x00000000d56a78e0,0x00000000d9000000)
  from space 10752K, 99% used [0x00000000d9000000,0x00000000d9a78d10,0x00000000d9a80000)
  to   space 12800K, 0% used [0x00000000da980000,0x00000000da980000,0x00000000db600000)
 ParOldGen       total 64512K, used 10994K [0x0000000080000000, 0x0000000083f00000, 0x00000000d5580000)
  object space 64512K, 17% used [0x0000000080000000,0x0000000080abc9f0,0x0000000083f00000)
 Metaspace       used 30444K, capacity 31324K, committed 31616K, reserved 1077248K
  class space    used 3627K, capacity 3872K, committed 3968K, reserved 1048576K
GC Heap History (10 events):
Event: 6.952 GC heap before
{Heap before GC invocations=12 (full 1):
 PSYoungGen      total 47104K, used 41245K [0x00000000d5580000, 0x00000000d8d00000, 0x0000000100000000)
  eden space 38912K, 100% used [0x00000000d5580000,0x00000000d7b80000,0x00000000d7b80000)
  from space 8192K, 28% used [0x00000000d8400000,0x00000000d86475e8,0x00000000d8c00000)
  to   space 8704K, 0% used [0x00000000d7b80000,0x00000000d7b80000,0x00000000d8400000)
 ParOldGen       total 64512K, used 8922K [0x0000000080000000, 0x0000000083f00000, 0x00000000d5580000)
  object space 64512K, 13% used [0x0000000080000000,0x00000000808b6a60,0x0000000083f00000)
 Metaspace       used 22083K, capacity 22392K, committed 22704K, reserved 1069056K
  class space    used 2427K, capacity 2541K, committed 2560K, reserved 1048576K
Event: 6.956 GC heap after
Heap after GC invocations=12 (full 1):
 PSYoungGen      total 47616K, used 2384K [0x00000000d5580000, 0x00000000d9580000, 0x0000000100000000)
  eden space 38912K, 0% used [0x00000000d5580000,0x00000000d5580000,0x00000000d7b80000)
  from space 8704K, 27% used [0x00000000d7b80000,0x00000000d7dd4278,0x00000000d8400000)
  to   space 8704K, 0% used [0x00000000d8d00000,0x00000000d8d00000,0x00000000d9580000)
 ParOldGen       total 64512K, used 8922K [0x0000000080000000, 0x0000000083f00000, 0x00000000d5580000)
  object space 64512K, 13% used [0x0000000080000000,0x00000000808b6a60,0x0000000083f00000)
 Metaspace       used 22083K, capacity 22392K, committed 22704K, reserved 1069056K
  class space    used 2427K, capacity 2541K, committed 2560K, reserved 1048576K
}
Event: 7.261 GC heap before
{Heap before GC invocations=13 (full 1):
 PSYoungGen      total 47616K, used 41296K [0x00000000d5580000, 0x00000000d9580000, 0x0000000100000000)
  eden space 38912K, 100% used [0x00000000d5580000,0x00000000d7b80000,0x00000000d7b80000)
  from space 8704K, 27% used [0x00000000d7b80000,0x00000000d7dd4278,0x00000000d8400000)
  to   space 8704K, 0% used [0x00000000d8d00000,0x00000000d8d00000,0x00000000d9580000)
 ParOldGen       total 64512K, used 8922K [0x0000000080000000, 0x0000000083f00000, 0x00000000d5580000)
  object space 64512K, 13% used [0x0000000080000000,0x00000000808b6a60,0x0000000083f00000)
 Metaspace       used 22196K, capacity 22520K, committed 22704K, reserved 1069056K
  class space    used 2436K, capacity 2541K, committed 2560K, reserved 1048576K
Event: 7.264 GC heap after
Heap after GC invocations=13 (full 1):
 PSYoungGen      total 56832K, used 3008K [0x00000000d5580000, 0x00000000d9500000, 0x0000000100000000)
  eden space 48640K, 0% used [0x00000000d5580000,0x00000000d5580000,0x00000000d8500000)
  from space 8192K, 36% used [0x00000000d8d00000,0x00000000d8ff0000,0x00000000d9500000)
  to   space 8192K, 0% used [0x00000000d8500000,0x00000000d8500000,0x00000000d8d00000)
 ParOldGen       total 64512K, used 8930K [0x0000000080000000, 0x0000000083f00000, 0x00000000d5580000)
  object space 64512K, 13% used [0x0000000080000000,0x00000000808b8a60,0x0000000083f00000)
 Metaspace       used 22196K, capacity 22520K, committed 22704K, reserved 1069056K
  class space    used 2436K, capacity 2541K, committed 2560K, reserved 1048576K
}
Event: 7.807 GC heap before
{Heap before GC invocations=14 (full 1):
 PSYoungGen      total 56832K, used 51648K [0x00000000d5580000, 0x00000000d9500000, 0x0000000100000000)
  eden space 48640K, 100% used [0x00000000d5580000,0x00000000d8500000,0x00000000d8500000)
  from space 8192K, 36% used [0x00000000d8d00000,0x00000000d8ff0000,0x00000000d9500000)
  to   space 8192K, 0% used [0x00000000d8500000,0x00000000d8500000,0x00000000d8d00000)
 ParOldGen       total 64512K, used 8930K [0x0000000080000000, 0x0000000083f00000, 0x00000000d5580000)
  object space 64512K, 13% used [0x0000000080000000,0x00000000808b8a60,0x0000000083f00000)
 Metaspace       used 23614K, capacity 23932K, committed 24320K, reserved 1071104K
  class space    used 2662K, capacity 2773K, committed 2816K, reserved 1048576K
Event: 7.815 GC heap after
Heap after GC invocations=14 (full 1):
 PSYoungGen      total 56832K, used 7232K [0x00000000d5580000, 0x00000000da380000, 0x0000000100000000)
  eden space 48640K, 0% used [0x00000000d5580000,0x00000000d5580000,0x00000000d8500000)
  from space 8192K, 88% used [0x00000000d8500000,0x00000000d8c10000,0x00000000d8d00000)
  to   space 9216K, 0% used [0x00000000d9a80000,0x00000000d9a80000,0x00000000da380000)
 ParOldGen       total 64512K, used 8938K [0x0000000080000000, 0x0000000083f00000, 0x00000000d5580000)
  object space 64512K, 13% used [0x0000000080000000,0x00000000808baa60,0x0000000083f00000)
 Metaspace       used 23614K, capacity 23932K, committed 24320K, reserved 1071104K
  class space    used 2662K, capacity 2773K, committed 2816K, reserved 1048576K
}
Event: 9.821 GC heap before
{Heap before GC invocations=15 (full 1):
 PSYoungGen      total 56832K, used 55872K [0x00000000d5580000, 0x00000000da380000, 0x0000000100000000)
  eden space 48640K, 100% used [0x00000000d5580000,0x00000000d8500000,0x00000000d8500000)
  from space 8192K, 88% used [0x00000000d8500000,0x00000000d8c10000,0x00000000d8d00000)
  to   space 9216K, 0% used [0x00000000d9a80000,0x00000000d9a80000,0x00000000da380000)
 ParOldGen       total 64512K, used 8938K [0x0000000080000000, 0x0000000083f00000, 0x00000000d5580000)
  object space 64512K, 13% used [0x0000000080000000,0x00000000808baa60,0x0000000083f00000)
 Metaspace       used 26875K, capacity 27284K, committed 27648K, reserved 1073152K
  class space    used 3101K, capacity 3283K, committed 3328K, reserved 1048576K
Event: 9.833 GC heap after
Heap after GC invocations=15 (full 1):
 PSYoungGen      total 69120K, used 9211K [0x00000000d5580000, 0x00000000da600000, 0x0000000100000000)
  eden space 59904K, 0% used [0x00000000d5580000,0x00000000d5580000,0x00000000d9000000)
  from space 9216K, 99% used [0x00000000d9a80000,0x00000000da37ec70,0x00000000da380000)
  to   space 10752K, 0% used [0x00000000d9000000,0x00000000d9000000,0x00000000d9a80000)
 ParOldGen       total 64512K, used 9975K [0x0000000080000000, 0x0000000083f00000, 0x00000000d5580000)
  object space 64512K, 15% used [0x0000000080000000,0x00000000809bdc58,0x0000000083f00000)
 Metaspace       used 26875K, capacity 27284K, committed 27648K, reserved 1073152K
  class space    used 3101K, capacity 3283K, committed 3328K, reserved 1048576K
}
Event: 16.669 GC heap before
{Heap before GC invocations=16 (full 1):
 PSYoungGen      total 69120K, used 69115K [0x00000000d5580000, 0x00000000da600000, 0x0000000100000000)
  eden space 59904K, 100% used [0x00000000d5580000,0x00000000d9000000,0x00000000d9000000)
  from space 9216K, 99% used [0x00000000d9a80000,0x00000000da37ec70,0x00000000da380000)
  to   space 10752K, 0% used [0x00000000d9000000,0x00000000d9000000,0x00000000d9a80000)
 ParOldGen       total 64512K, used 9975K [0x0000000080000000, 0x0000000083f00000, 0x00000000d5580000)
  object space 64512K, 15% used [0x0000000080000000,0x00000000809bdc58,0x0000000083f00000)
 Metaspace       used 30408K, capacity 31324K, committed 31616K, reserved 1077248K
  class space    used 3624K, capacity 3872K, committed 3968K, reserved 1048576K
Event: 16.693 GC heap after
Heap after GC invocations=16 (full 1):
 PSYoungGen      total 70656K, used 10723K [0x00000000d5580000, 0x00000000db600000, 0x0000000100000000)
  eden space 59904K, 0% used [0x00000000d5580000,0x00000000d5580000,0x00000000d9000000)
  from space 10752K, 99% used [0x00000000d9000000,0x00000000d9a78d10,0x00000000d9a80000)
  to   space 12800K, 0% used [0x00000000da980000,0x00000000da980000,0x00000000db600000)
 ParOldGen       total 64512K, used 10994K [0x0000000080000000, 0x0000000083f00000, 0x00000000d5580000)
  object space 64512K, 17% used [0x0000000080000000,0x0000000080abc9f0,0x0000000083f00000)
 Metaspace       used 30408K, capacity 31324K, committed 31616K, reserved 1077248K
  class space    used 3624K, capacity 3872K, committed 3968K, reserved 1048576K
}

