# JRE version: OpenJDK Runtime Environment (Zulu 8.52.0.23-CA-win64) (8.0_282-b08) (build 1.8.0_282-b08)
# Java VM: OpenJDK 64-Bit Server VM (25.282-b08 mixed mode windows-amd64 compressed oops)
Heap:
 PSYoungGen      total 57344K, used 31852K [0x00000000d5580000, 0x00000000da380000, 0x0000000100000000)
  eden space 49152K, 49% used [0x00000000d5580000,0x00000000d6d6f170,0x00000000d8580000)
  from space 8192K, 89% used [0x00000000d8580000,0x00000000d8cac010,0x00000000d8d80000)
  to   space 9216K, 0% used [0x00000000d9a80000,0x00000000d9a80000,0x00000000da380000)
 ParOldGen       total 63488K, used 8934K [0x0000000080000000, 0x0000000083e00000, 0x00000000d5580000)
  object space 63488K, 14% used [0x0000000080000000,0x00000000808b98f0,0x0000000083e00000)
 Metaspace       used 24597K, capacity 24942K, committed 25216K, reserved 1071104K
  class space    used 2804K, capacity 2940K, committed 2944K, reserved 1048576K
GC Heap History (10 events):
Event: 8.321 GC heap before
{Heap before GC invocations=10 (full 1):
 PSYoungGen      total 39424K, used 31232K [0x00000000d5580000, 0x00000000da280000, 0x0000000100000000)
  eden space 31232K, 100% used [0x00000000d5580000,0x00000000d7400000,0x00000000d7400000)
  from space 8192K, 0% used [0x00000000d7c00000,0x00000000d7c00000,0x00000000d8400000)
  to   space 8192K, 0% used [0x00000000d7400000,0x00000000d7400000,0x00000000d7c00000)
 ParOldGen       total 63488K, used 8918K [0x0000000080000000, 0x0000000083e00000, 0x00000000d5580000)
  object space 63488K, 14% used [0x0000000080000000,0x00000000808b58f0,0x0000000083e00000)
 Metaspace       used 21610K, capacity 21936K, committed 22192K, reserved 1069056K
  class space    used 2392K, capacity 2500K, committed 2560K, reserved 1048576K
Event: 8.325 GC heap after
Heap after GC invocations=10 (full 1):
 PSYoungGen      total 39424K, used 1248K [0x00000000d5580000, 0x00000000d8d80000, 0x0000000100000000)
  eden space 31232K, 0% used [0x00000000d5580000,0x00000000d5580000,0x00000000d7400000)
  from space 8192K, 15% used [0x00000000d7400000,0x00000000d7538000,0x00000000d7c00000)
  to   space 8704K, 0% used [0x00000000d8500000,0x00000000d8500000,0x00000000d8d80000)
 ParOldGen       total 63488K, used 8926K [0x0000000080000000, 0x0000000083e00000, 0x00000000d5580000)
  object space 63488K, 14% used [0x0000000080000000,0x00000000808b78f0,0x0000000083e00000)
 Metaspace       used 21610K, capacity 21936K, committed 22192K, reserved 1069056K
  class space    used 2392K, capacity 2500K, committed 2560K, reserved 1048576K
}
Event: 8.789 GC heap before
{Heap before GC invocations=11 (full 1):
 PSYoungGen      total 39424K, used 32480K [0x00000000d5580000, 0x00000000d8d80000, 0x0000000100000000)
  eden space 31232K, 100% used [0x00000000d5580000,0x00000000d7400000,0x00000000d7400000)
  from space 8192K, 15% used [0x00000000d7400000,0x00000000d7538000,0x00000000d7c00000)
  to   space 8704K, 0% used [0x00000000d8500000,0x00000000d8500000,0x00000000d8d80000)
 ParOldGen       total 63488K, used 8926K [0x0000000080000000, 0x0000000083e00000, 0x00000000d5580000)
  object space 63488K, 14% used [0x0000000080000000,0x00000000808b78f0,0x0000000083e00000)
 Metaspace       used 21855K, capacity 22200K, committed 22448K, reserved 1069056K
  class space    used 2415K, capacity 2541K, committed 2560K, reserved 1048576K
Event: 8.795 GC heap after
Heap after GC invocations=11 (full 1):
 PSYoungGen      total 48640K, used 2312K [0x00000000d5580000, 0x00000000d8d80000, 0x0000000100000000)
  eden space 39936K, 0% used [0x00000000d5580000,0x00000000d5580000,0x00000000d7c80000)
  from space 8704K, 26% used [0x00000000d8500000,0x00000000d87420d8,0x00000000d8d80000)
  to   space 8704K, 0% used [0x00000000d7c80000,0x00000000d7c80000,0x00000000d8500000)
 ParOldGen       total 63488K, used 8934K [0x0000000080000000, 0x0000000083e00000, 0x00000000d5580000)
  object space 63488K, 14% used [0x0000000080000000,0x00000000808b98f0,0x0000000083e00000)
 Metaspace       used 21855K, capacity 22200K, committed 22448K, reserved 1069056K
  class space    used 2415K, capacity 2541K, committed 2560K, reserved 1048576K
}
Event: 9.530 GC heap before
{Heap before GC invocations=12 (full 1):
 PSYoungGen      total 48640K, used 42248K [0x00000000d5580000, 0x00000000d8d80000, 0x0000000100000000)
  eden space 39936K, 100% used [0x00000000d5580000,0x00000000d7c80000,0x00000000d7c80000)
  from space 8704K, 26% used [0x00000000d8500000,0x00000000d87420d8,0x00000000d8d80000)
  to   space 8704K, 0% used [0x00000000d7c80000,0x00000000d7c80000,0x00000000d8500000)
 ParOldGen       total 63488K, used 8934K [0x0000000080000000, 0x0000000083e00000, 0x00000000d5580000)
  object space 63488K, 14% used [0x0000000080000000,0x00000000808b98f0,0x0000000083e00000)
 Metaspace       used 22069K, capacity 22392K, committed 22704K, reserved 1069056K
  class space    used 2421K, capacity 2541K, committed 2560K, reserved 1048576K
Event: 9.537 GC heap after
Heap after GC invocations=12 (full 1):
 PSYoungGen      total 48640K, used 2384K [0x00000000d5580000, 0x00000000d9780000, 0x0000000100000000)
  eden space 39936K, 0% used [0x00000000d5580000,0x00000000d5580000,0x00000000d7c80000)
  from space 8704K, 27% used [0x00000000d7c80000,0x00000000d7ed4278,0x00000000d8500000)
  to   space 8704K, 0% used [0x00000000d8f00000,0x00000000d8f00000,0x00000000d9780000)
 ParOldGen       total 63488K, used 8934K [0x0000000080000000, 0x0000000083e00000, 0x00000000d5580000)
  object space 63488K, 14% used [0x0000000080000000,0x00000000808b98f0,0x0000000083e00000)
 Metaspace       used 22069K, capacity 22392K, committed 22704K, reserved 1069056K
  class space    used 2421K, capacity 2541K, committed 2560K, reserved 1048576K
}
Event: 10.617 GC heap before
{Heap before GC invocations=13 (full 1):
 PSYoungGen      total 48640K, used 42320K [0x00000000d5580000, 0x00000000d9780000, 0x0000000100000000)
  eden space 39936K, 100% used [0x00000000d5580000,0x00000000d7c80000,0x00000000d7c80000)
  from space 8704K, 27% used [0x00000000d7c80000,0x00000000d7ed4278,0x00000000d8500000)
  to   space 8704K, 0% used [0x00000000d8f00000,0x00000000d8f00000,0x00000000d9780000)
 ParOldGen       total 63488K, used 8934K [0x0000000080000000, 0x0000000083e00000, 0x00000000d5580000)
  object space 63488K, 14% used [0x0000000080000000,0x00000000808b98f0,0x0000000083e00000)
 Metaspace       used 22190K, capacity 22456K, committed 22704K, reserved 1069056K
  class space    used 2430K, capacity 2541K, committed 2560K, reserved 1048576K
Event: 10.622 GC heap after
Heap after GC invocations=13 (full 1):
 PSYoungGen      total 55808K, used 2976K [0x00000000d5580000, 0x00000000d9580000, 0x0000000100000000)
  eden space 49152K, 0% used [0x00000000d5580000,0x00000000d5580000,0x00000000d8580000)
  from space 6656K, 44% used [0x00000000d8f00000,0x00000000d91e8000,0x00000000d9580000)
  to   space 8192K, 0% used [0x00000000d8580000,0x00000000d8580000,0x00000000d8d80000)
 ParOldGen       total 63488K, used 8934K [0x0000000080000000, 0x0000000083e00000, 0x00000000d5580000)
  object space 63488K, 14% used [0x0000000080000000,0x00000000808b98f0,0x0000000083e00000)
 Metaspace       used 22190K, capacity 22456K, committed 22704K, reserved 1069056K
  class space    used 2430K, capacity 2541K, committed 2560K, reserved 1048576K
}
Event: 11.395 GC heap before
{Heap before GC invocations=14 (full 1):
 PSYoungGen      total 55808K, used 52128K [0x00000000d5580000, 0x00000000d9580000, 0x0000000100000000)
  eden space 49152K, 100% used [0x00000000d5580000,0x00000000d8580000,0x00000000d8580000)
  from space 6656K, 44% used [0x00000000d8f00000,0x00000000d91e8000,0x00000000d9580000)
  to   space 8192K, 0% used [0x00000000d8580000,0x00000000d8580000,0x00000000d8d80000)
 ParOldGen       total 63488K, used 8934K [0x0000000080000000, 0x0000000083e00000, 0x00000000d5580000)
  object space 63488K, 14% used [0x0000000080000000,0x00000000808b98f0,0x0000000083e00000)
 Metaspace       used 23673K, capacity 24028K, committed 24320K, reserved 1071104K
  class space    used 2668K, capacity 2805K, committed 2816K, reserved 1048576K
Event: 11.405 GC heap after
Heap after GC invocations=14 (full 1):
 PSYoungGen      total 57344K, used 7344K [0x00000000d5580000, 0x00000000da380000, 0x0000000100000000)
  eden space 49152K, 0% used [0x00000000d5580000,0x00000000d5580000,0x00000000d8580000)
  from space 8192K, 89% used [0x00000000d8580000,0x00000000d8cac010,0x00000000d8d80000)
  to   space 9216K, 0% used [0x00000000d9a80000,0x00000000d9a80000,0x00000000da380000)
 ParOldGen       total 63488K, used 8934K [0x0000000080000000, 0x0000000083e00000, 0x00000000d5580000)
  object space 63488K, 14% used [0x0000000080000000,0x00000000808b98f0,0x0000000083e00000)
 Metaspace       used 23673K, capacity 24028K, committed 24320K, reserved 1071104K
  class space    used 2668K, capacity 2805K, committed 2816K, reserved 1048576K
}

