# JRE version: OpenJDK Runtime Environment (Zulu 8.52.0.23-CA-win64) (8.0_282-b08) (build 1.8.0_282-b08)
# Java VM: OpenJDK 64-Bit Server VM (25.282-b08 mixed mode windows-amd64 compressed oops)
Heap:
 PSYoungGen      total 70144K, used 66967K [0x00000000d5580000, 0x00000000da680000, 0x0000000100000000)
  eden space 60928K, 94% used [0x00000000d5580000,0x00000000d8de5f60,0x00000000d9100000)
  from space 9216K, 99% used [0x00000000d9b80000,0x00000000da47fdc8,0x00000000da480000)
  to   space 10752K, 0% used [0x00000000d9100000,0x00000000d9100000,0x00000000d9b80000)
 ParOldGen       total 65536K, used 10830K [0x0000000080000000, 0x0000000084000000, 0x00000000d5580000)
  object space 65536K, 16% used [0x0000000080000000,0x0000000080a93800,0x0000000084000000)
 Metaspace       used 30422K, capacity 31324K, committed 31616K, reserved 1077248K
  class space    used 3622K, capacity 3872K, committed 3968K, reserved 1048576K
GC Heap History (10 events):
Event: 11.403 GC heap before
{Heap before GC invocations=11 (full 1):
 PSYoungGen      total 39424K, used 32480K [0x00000000d5580000, 0x00000000d8d00000, 0x0000000100000000)
  eden space 31232K, 100% used [0x00000000d5580000,0x00000000d7400000,0x00000000d7400000)
  from space 8192K, 15% used [0x00000000d7400000,0x00000000d7538000,0x00000000d7c00000)
  to   space 8704K, 0% used [0x00000000d8480000,0x00000000d8480000,0x00000000d8d00000)
 ParOldGen       total 65536K, used 9781K [0x0000000080000000, 0x0000000084000000, 0x00000000d5580000)
  object space 65536K, 14% used [0x0000000080000000,0x000000008098d480,0x0000000084000000)
 Metaspace       used 21883K, capacity 22200K, committed 22448K, reserved 1069056K
  class space    used 2417K, capacity 2541K, committed 2560K, reserved 1048576K
Event: 11.409 GC heap after
Heap after GC invocations=11 (full 1):
 PSYoungGen      total 48128K, used 2349K [0x00000000d5580000, 0x00000000d8d00000, 0x0000000100000000)
  eden space 39424K, 0% used [0x00000000d5580000,0x00000000d5580000,0x00000000d7c00000)
  from space 8704K, 26% used [0x00000000d8480000,0x00000000d86cb5d8,0x00000000d8d00000)
  to   space 8704K, 0% used [0x00000000d7c00000,0x00000000d7c00000,0x00000000d8480000)
 ParOldGen       total 65536K, used 9789K [0x0000000080000000, 0x0000000084000000, 0x00000000d5580000)
  object space 65536K, 14% used [0x0000000080000000,0x000000008098f480,0x0000000084000000)
 Metaspace       used 21883K, capacity 22200K, committed 22448K, reserved 1069056K
  class space    used 2417K, capacity 2541K, committed 2560K, reserved 1048576K
}
Event: 12.031 GC heap before
{Heap before GC invocations=12 (full 1):
 PSYoungGen      total 48128K, used 41773K [0x00000000d5580000, 0x00000000d8d00000, 0x0000000100000000)
  eden space 39424K, 100% used [0x00000000d5580000,0x00000000d7c00000,0x00000000d7c00000)
  from space 8704K, 26% used [0x00000000d8480000,0x00000000d86cb5d8,0x00000000d8d00000)
  to   space 8704K, 0% used [0x00000000d7c00000,0x00000000d7c00000,0x00000000d8480000)
 ParOldGen       total 65536K, used 9789K [0x0000000080000000, 0x0000000084000000, 0x00000000d5580000)
  object space 65536K, 14% used [0x0000000080000000,0x000000008098f480,0x0000000084000000)
 Metaspace       used 22089K, capacity 22392K, committed 22704K, reserved 1069056K
  class space    used 2422K, capacity 2541K, committed 2560K, reserved 1048576K
Event: 12.033 GC heap after
Heap after GC invocations=12 (full 1):
 PSYoungGen      total 48128K, used 2400K [0x00000000d5580000, 0x00000000d9680000, 0x0000000100000000)
  eden space 39424K, 0% used [0x00000000d5580000,0x00000000d5580000,0x00000000d7c00000)
  from space 8704K, 27% used [0x00000000d7c00000,0x00000000d7e58268,0x00000000d8480000)
  to   space 8704K, 0% used [0x00000000d8e00000,0x00000000d8e00000,0x00000000d9680000)
 ParOldGen       total 65536K, used 9797K [0x0000000080000000, 0x0000000084000000, 0x00000000d5580000)
  object space 65536K, 14% used [0x0000000080000000,0x0000000080991480,0x0000000084000000)
 Metaspace       used 22089K, capacity 22392K, committed 22704K, reserved 1069056K
  class space    used 2422K, capacity 2541K, committed 2560K, reserved 1048576K
}
Event: 12.901 GC heap before
{Heap before GC invocations=13 (full 1):
 PSYoungGen      total 48128K, used 41824K [0x00000000d5580000, 0x00000000d9680000, 0x0000000100000000)
  eden space 39424K, 100% used [0x00000000d5580000,0x00000000d7c00000,0x00000000d7c00000)
  from space 8704K, 27% used [0x00000000d7c00000,0x00000000d7e58268,0x00000000d8480000)
  to   space 8704K, 0% used [0x00000000d8e00000,0x00000000d8e00000,0x00000000d9680000)
 ParOldGen       total 65536K, used 9797K [0x0000000080000000, 0x0000000084000000, 0x00000000d5580000)
  object space 65536K, 14% used [0x0000000080000000,0x0000000080991480,0x0000000084000000)
 Metaspace       used 22222K, capacity 22584K, committed 22960K, reserved 1069056K
  class space    used 2432K, capacity 2541K, committed 2560K, reserved 1048576K
Event: 12.908 GC heap after
Heap after GC invocations=13 (full 1):
 PSYoungGen      total 56832K, used 2960K [0x00000000d5580000, 0x00000000d9580000, 0x0000000100000000)
  eden space 49152K, 0% used [0x00000000d5580000,0x00000000d5580000,0x00000000d8580000)
  from space 7680K, 38% used [0x00000000d8e00000,0x00000000d90e4010,0x00000000d9580000)
  to   space 8192K, 0% used [0x00000000d8580000,0x00000000d8580000,0x00000000d8d80000)
 ParOldGen       total 65536K, used 9805K [0x0000000080000000, 0x0000000084000000, 0x00000000d5580000)
  object space 65536K, 14% used [0x0000000080000000,0x0000000080993480,0x0000000084000000)
 Metaspace       used 22222K, capacity 22584K, committed 22960K, reserved 1069056K
  class space    used 2432K, capacity 2541K, committed 2560K, reserved 1048576K
}
Event: 13.654 GC heap before
{Heap before GC invocations=14 (full 1):
 PSYoungGen      total 56832K, used 52112K [0x00000000d5580000, 0x00000000d9580000, 0x0000000100000000)
  eden space 49152K, 100% used [0x00000000d5580000,0x00000000d8580000,0x00000000d8580000)
  from space 7680K, 38% used [0x00000000d8e00000,0x00000000d90e4010,0x00000000d9580000)
  to   space 8192K, 0% used [0x00000000d8580000,0x00000000d8580000,0x00000000d8d80000)
 ParOldGen       total 65536K, used 9805K [0x0000000080000000, 0x0000000084000000, 0x00000000d5580000)
  object space 65536K, 14% used [0x0000000080000000,0x0000000080993480,0x0000000084000000)
 Metaspace       used 23647K, capacity 23932K, committed 24320K, reserved 1071104K
  class space    used 2659K, capacity 2773K, committed 2816K, reserved 1048576K
Event: 13.667 GC heap after
Heap after GC invocations=14 (full 1):
 PSYoungGen      total 57344K, used 7328K [0x00000000d5580000, 0x00000000da480000, 0x0000000100000000)
  eden space 49152K, 0% used [0x00000000d5580000,0x00000000d5580000,0x00000000d8580000)
  from space 8192K, 89% used [0x00000000d8580000,0x00000000d8ca8000,0x00000000d8d80000)
  to   space 9216K, 0% used [0x00000000d9b80000,0x00000000d9b80000,0x00000000da480000)
 ParOldGen       total 65536K, used 9813K [0x0000000080000000, 0x0000000084000000, 0x00000000d5580000)
  object space 65536K, 14% used [0x0000000080000000,0x0000000080995480,0x0000000084000000)
 Metaspace       used 23647K, capacity 23932K, committed 24320K, reserved 1071104K
  class space    used 2659K, capacity 2773K, committed 2816K, reserved 1048576K
}
Event: 16.727 GC heap before
{Heap before GC invocations=15 (full 1):
 PSYoungGen      total 57344K, used 56480K [0x00000000d5580000, 0x00000000da480000, 0x0000000100000000)
  eden space 49152K, 100% used [0x00000000d5580000,0x00000000d8580000,0x00000000d8580000)
  from space 8192K, 89% used [0x00000000d8580000,0x00000000d8ca8000,0x00000000d8d80000)
  to   space 9216K, 0% used [0x00000000d9b80000,0x00000000d9b80000,0x00000000da480000)
 ParOldGen       total 65536K, used 9813K [0x0000000080000000, 0x0000000084000000, 0x00000000d5580000)
  object space 65536K, 14% used [0x0000000080000000,0x0000000080995480,0x0000000084000000)
 Metaspace       used 26896K, capacity 27348K, committed 27648K, reserved 1073152K
  class space    used 3101K, capacity 3283K, committed 3328K, reserved 1048576K
Event: 16.743 GC heap after
Heap after GC invocations=15 (full 1):
 PSYoungGen      total 70144K, used 9215K [0x00000000d5580000, 0x00000000da680000, 0x0000000100000000)
  eden space 60928K, 0% used [0x00000000d5580000,0x00000000d5580000,0x00000000d9100000)
  from space 9216K, 99% used [0x00000000d9b80000,0x00000000da47fdc8,0x00000000da480000)
  to   space 10752K, 0% used [0x00000000d9100000,0x00000000d9100000,0x00000000d9b80000)
 ParOldGen       total 65536K, used 10830K [0x0000000080000000, 0x0000000084000000, 0x00000000d5580000)
  object space 65536K, 16% used [0x0000000080000000,0x0000000080a93800,0x0000000084000000)
 Metaspace       used 26896K, capacity 27348K, committed 27648K, reserved 1073152K
  class space    used 3101K, capacity 3283K, committed 3328K, reserved 1048576K
}

