# JRE version: OpenJDK Runtime Environment (Zulu 8.52.0.23-CA-win64) (8.0_282-b08) (build 1.8.0_282-b08)
# Java VM: OpenJDK 64-Bit Server VM (25.282-b08 mixed mode windows-amd64 compressed oops)
Heap:
 PSYoungGen      total 67584K, used 52936K [0x00000000d5580000, 0x00000000da500000, 0x0000000100000000)
  eden space 58368K, 74% used [0x00000000d5580000,0x00000000d8032580,0x00000000d8e80000)
  from space 9216K, 99% used [0x00000000d9900000,0x00000000da1ffbd8,0x00000000da200000)
  to   space 10752K, 0% used [0x00000000d8e80000,0x00000000d8e80000,0x00000000d9900000)
 ParOldGen       total 64512K, used 9656K [0x0000000080000000, 0x0000000083f00000, 0x00000000d5580000)
  object space 64512K, 14% used [0x0000000080000000,0x000000008096e2f8,0x0000000083f00000)
 Metaspace       used 30227K, capacity 31166K, committed 31360K, reserved 1077248K
  class space    used 3596K, capacity 3863K, committed 3968K, reserved 1048576K
GC Heap History (10 events):
Event: 10.694 GC heap before
{Heap before GC invocations=11 (full 1):
 PSYoungGen      total 38912K, used 31904K [0x00000000d5580000, 0x00000000d8b00000, 0x0000000100000000)
  eden space 30720K, 100% used [0x00000000d5580000,0x00000000d7380000,0x00000000d7380000)
  from space 8192K, 14% used [0x00000000d7380000,0x00000000d74a8000,0x00000000d7b80000)
  to   space 8192K, 0% used [0x00000000d8300000,0x00000000d8300000,0x00000000d8b00000)
 ParOldGen       total 64512K, used 8917K [0x0000000080000000, 0x0000000083f00000, 0x00000000d5580000)
  object space 64512K, 13% used [0x0000000080000000,0x00000000808b55b0,0x0000000083f00000)
 Metaspace       used 21857K, capacity 22200K, committed 22448K, reserved 1069056K
  class space    used 2415K, capacity 2541K, committed 2560K, reserved 1048576K
Event: 10.697 GC heap after
Heap after GC invocations=11 (full 1):
 PSYoungGen      total 46080K, used 2264K [0x00000000d5580000, 0x00000000d8b80000, 0x0000000100000000)
  eden space 37888K, 0% used [0x00000000d5580000,0x00000000d5580000,0x00000000d7a80000)
  from space 8192K, 27% used [0x00000000d8300000,0x00000000d85360e8,0x00000000d8b00000)
  to   space 8704K, 0% used [0x00000000d7a80000,0x00000000d7a80000,0x00000000d8300000)
 ParOldGen       total 64512K, used 8917K [0x0000000080000000, 0x0000000083f00000, 0x00000000d5580000)
  object space 64512K, 13% used [0x0000000080000000,0x00000000808b55b0,0x0000000083f00000)
 Metaspace       used 21857K, capacity 22200K, committed 22448K, reserved 1069056K
  class space    used 2415K, capacity 2541K, committed 2560K, reserved 1048576K
}
Event: 11.307 GC heap before
{Heap before GC invocations=12 (full 1):
 PSYoungGen      total 46080K, used 40152K [0x00000000d5580000, 0x00000000d8b80000, 0x0000000100000000)
  eden space 37888K, 100% used [0x00000000d5580000,0x00000000d7a80000,0x00000000d7a80000)
  from space 8192K, 27% used [0x00000000d8300000,0x00000000d85360e8,0x00000000d8b00000)
  to   space 8704K, 0% used [0x00000000d7a80000,0x00000000d7a80000,0x00000000d8300000)
 ParOldGen       total 64512K, used 8917K [0x0000000080000000, 0x0000000083f00000, 0x00000000d5580000)
  object space 64512K, 13% used [0x0000000080000000,0x00000000808b55b0,0x0000000083f00000)
 Metaspace       used 22064K, capacity 22392K, committed 22704K, reserved 1069056K
  class space    used 2421K, capacity 2541K, committed 2560K, reserved 1048576K
Event: 11.312 GC heap after
Heap after GC invocations=12 (full 1):
 PSYoungGen      total 46592K, used 2352K [0x00000000d5580000, 0x00000000d9480000, 0x0000000100000000)
  eden space 37888K, 0% used [0x00000000d5580000,0x00000000d5580000,0x00000000d7a80000)
  from space 8704K, 27% used [0x00000000d7a80000,0x00000000d7ccc278,0x00000000d8300000)
  to   space 8704K, 0% used [0x00000000d8c00000,0x00000000d8c00000,0x00000000d9480000)
 ParOldGen       total 64512K, used 8917K [0x0000000080000000, 0x0000000083f00000, 0x00000000d5580000)
  object space 64512K, 13% used [0x0000000080000000,0x00000000808b55b0,0x0000000083f00000)
 Metaspace       used 22064K, capacity 22392K, committed 22704K, reserved 1069056K
  class space    used 2421K, capacity 2541K, committed 2560K, reserved 1048576K
}
Event: 11.997 GC heap before
{Heap before GC invocations=13 (full 1):
 PSYoungGen      total 46592K, used 40240K [0x00000000d5580000, 0x00000000d9480000, 0x0000000100000000)
  eden space 37888K, 100% used [0x00000000d5580000,0x00000000d7a80000,0x00000000d7a80000)
  from space 8704K, 27% used [0x00000000d7a80000,0x00000000d7ccc278,0x00000000d8300000)
  to   space 8704K, 0% used [0x00000000d8c00000,0x00000000d8c00000,0x00000000d9480000)
 ParOldGen       total 64512K, used 8917K [0x0000000080000000, 0x0000000083f00000, 0x00000000d5580000)
  object space 64512K, 13% used [0x0000000080000000,0x00000000808b55b0,0x0000000083f00000)
 Metaspace       used 22137K, capacity 22456K, committed 22704K, reserved 1069056K
  class space    used 2423K, capacity 2541K, committed 2560K, reserved 1048576K
Event: 12.003 GC heap after
Heap after GC invocations=13 (full 1):
 PSYoungGen      total 55808K, used 2336K [0x00000000d5580000, 0x00000000d9480000, 0x0000000100000000)
  eden space 47104K, 0% used [0x00000000d5580000,0x00000000d5580000,0x00000000d8380000)
  from space 8704K, 26% used [0x00000000d8c00000,0x00000000d8e48000,0x00000000d9480000)
  to   space 8704K, 0% used [0x00000000d8380000,0x00000000d8380000,0x00000000d8c00000)
 ParOldGen       total 64512K, used 8925K [0x0000000080000000, 0x0000000083f00000, 0x00000000d5580000)
  object space 64512K, 13% used [0x0000000080000000,0x00000000808b75b0,0x0000000083f00000)
 Metaspace       used 22137K, capacity 22456K, committed 22704K, reserved 1069056K
  class space    used 2423K, capacity 2541K, committed 2560K, reserved 1048576K
}
Event: 12.745 GC heap before
{Heap before GC invocations=14 (full 1):
 PSYoungGen      total 55808K, used 49440K [0x00000000d5580000, 0x00000000d9480000, 0x0000000100000000)
  eden space 47104K, 100% used [0x00000000d5580000,0x00000000d8380000,0x00000000d8380000)
  from space 8704K, 26% used [0x00000000d8c00000,0x00000000d8e48000,0x00000000d9480000)
  to   space 8704K, 0% used [0x00000000d8380000,0x00000000d8380000,0x00000000d8c00000)
 ParOldGen       total 64512K, used 8925K [0x0000000080000000, 0x0000000083f00000, 0x00000000d5580000)
  object space 64512K, 13% used [0x0000000080000000,0x00000000808b75b0,0x0000000083f00000)
 Metaspace       used 23305K, capacity 23644K, committed 24064K, reserved 1071104K
  class space    used 2607K, capacity 2741K, committed 2816K, reserved 1048576K
Event: 12.758 GC heap after
Heap after GC invocations=14 (full 1):
 PSYoungGen      total 55808K, used 7008K [0x00000000d5580000, 0x00000000da200000, 0x0000000100000000)
  eden space 47104K, 0% used [0x00000000d5580000,0x00000000d5580000,0x00000000d8380000)
  from space 8704K, 80% used [0x00000000d8380000,0x00000000d8a58000,0x00000000d8c00000)
  to   space 9216K, 0% used [0x00000000d9900000,0x00000000d9900000,0x00000000da200000)
 ParOldGen       total 64512K, used 8933K [0x0000000080000000, 0x0000000083f00000, 0x00000000d5580000)
  object space 64512K, 13% used [0x0000000080000000,0x00000000808b95b0,0x0000000083f00000)
 Metaspace       used 23305K, capacity 23644K, committed 24064K, reserved 1071104K
  class space    used 2607K, capacity 2741K, committed 2816K, reserved 1048576K
}
Event: 14.339 GC heap before
{Heap before GC invocations=15 (full 1):
 PSYoungGen      total 55808K, used 54112K [0x00000000d5580000, 0x00000000da200000, 0x0000000100000000)
  eden space 47104K, 100% used [0x00000000d5580000,0x00000000d8380000,0x00000000d8380000)
  from space 8704K, 80% used [0x00000000d8380000,0x00000000d8a58000,0x00000000d8c00000)
  to   space 9216K, 0% used [0x00000000d9900000,0x00000000d9900000,0x00000000da200000)
 ParOldGen       total 64512K, used 8933K [0x0000000080000000, 0x0000000083f00000, 0x00000000d5580000)
  object space 64512K, 13% used [0x0000000080000000,0x00000000808b95b0,0x0000000083f00000)
 Metaspace       used 26142K, capacity 26558K, committed 27008K, reserved 1073152K
  class space    used 2999K, capacity 3150K, committed 3200K, reserved 1048576K
Event: 14.355 GC heap after
Heap after GC invocations=15 (full 1):
 PSYoungGen      total 67584K, used 9214K [0x00000000d5580000, 0x00000000da500000, 0x0000000100000000)
  eden space 58368K, 0% used [0x00000000d5580000,0x00000000d5580000,0x00000000d8e80000)
  from space 9216K, 99% used [0x00000000d9900000,0x00000000da1ffbd8,0x00000000da200000)
  to   space 10752K, 0% used [0x00000000d8e80000,0x00000000d8e80000,0x00000000d9900000)
 ParOldGen       total 64512K, used 9656K [0x0000000080000000, 0x0000000083f00000, 0x00000000d5580000)
  object space 64512K, 14% used [0x0000000080000000,0x000000008096e2f8,0x0000000083f00000)
 Metaspace       used 26142K, capacity 26558K, committed 27008K, reserved 1073152K
  class space    used 2999K, capacity 3150K, committed 3200K, reserved 1048576K
}

