# JRE version: OpenJDK Runtime Environment (Zulu 8.52.0.23-CA-win64) (8.0_282-b08) (build 1.8.0_282-b08)
# Java VM: OpenJDK 64-Bit Server VM (25.282-b08 mixed mode windows-amd64 compressed oops)
Heap:
 PSYoungGen      total 90624K, used 54109K [0x00000000d5580000, 0x00000000db780000, 0x0000000100000000)
  eden space 83968K, 61% used [0x00000000d5580000,0x00000000d87f31d8,0x00000000da780000)
  from space 6656K, 36% used [0x00000000db100000,0x00000000db364278,0x00000000db780000)
  to   space 8192K, 0% used [0x00000000da780000,0x00000000da780000,0x00000000daf80000)
 ParOldGen       total 57344K, used 8883K [0x0000000080000000, 0x0000000083800000, 0x00000000d5580000)
  object space 57344K, 15% used [0x0000000080000000,0x00000000808accd8,0x0000000083800000)
 Metaspace       used 22987K, capacity 23324K, committed 23680K, reserved 1071104K
  class space    used 2548K, capacity 2677K, committed 2688K, reserved 1048576K
GC Heap History (10 events):
Event: 14.106 GC heap before
{Heap before GC invocations=7 (full 0):
 PSYoungGen      total 38912K, used 38760K [0x00000000d5580000, 0x00000000d8500000, 0x0000000100000000)
  eden space 31744K, 100% used [0x00000000d5580000,0x00000000d7480000,0x00000000d7480000)
  from space 7168K, 97% used [0x00000000d7c80000,0x00000000d835a170,0x00000000d8380000)
  to   space 8192K, 0% used [0x00000000d7480000,0x00000000d7480000,0x00000000d7c80000)
 ParOldGen       total 87552K, used 2236K [0x0000000080000000, 0x0000000085580000, 0x00000000d5580000)
  object space 87552K, 2% used [0x0000000080000000,0x000000008022f218,0x0000000085580000)
 Metaspace       used 19768K, capacity 20076K, committed 20608K, reserved 1067008K
  class space    used 2188K, capacity 2308K, committed 2432K, reserved 1048576K
Event: 14.134 GC heap after
Heap after GC invocations=7 (full 0):
 PSYoungGen      total 39936K, used 4758K [0x00000000d5580000, 0x00000000da280000, 0x0000000100000000)
  eden space 31744K, 0% used [0x00000000d5580000,0x00000000d5580000,0x00000000d7480000)
  from space 8192K, 58% used [0x00000000d7480000,0x00000000d79259e8,0x00000000d7c80000)
  to   space 7680K, 0% used [0x00000000d9b00000,0x00000000d9b00000,0x00000000da280000)
 ParOldGen       total 87552K, used 5318K [0x0000000080000000, 0x0000000085580000, 0x00000000d5580000)
  object space 87552K, 6% used [0x0000000080000000,0x0000000080531b10,0x0000000085580000)
 Metaspace       used 19768K, capacity 20076K, committed 20608K, reserved 1067008K
  class space    used 2188K, capacity 2308K, committed 2432K, reserved 1048576K
}
Event: 15.396 GC heap before
{Heap before GC invocations=8 (full 0):
 PSYoungGen      total 39936K, used 29427K [0x00000000d5580000, 0x00000000da280000, 0x0000000100000000)
  eden space 31744K, 77% used [0x00000000d5580000,0x00000000d6d97538,0x00000000d7480000)
  from space 8192K, 58% used [0x00000000d7480000,0x00000000d79259e8,0x00000000d7c80000)
  to   space 7680K, 0% used [0x00000000d9b00000,0x00000000d9b00000,0x00000000da280000)
 ParOldGen       total 87552K, used 5318K [0x0000000080000000, 0x0000000085580000, 0x00000000d5580000)
  object space 87552K, 6% used [0x0000000080000000,0x0000000080531b10,0x0000000085580000)
 Metaspace       used 20821K, capacity 21072K, committed 21296K, reserved 1069056K
  class space    used 2312K, capacity 2424K, committed 2432K, reserved 1048576K
Event: 15.474 GC heap after
Heap after GC invocations=8 (full 0):
 PSYoungGen      total 71168K, used 4298K [0x00000000d5580000, 0x00000000da280000, 0x0000000100000000)
  eden space 63488K, 0% used [0x00000000d5580000,0x00000000d5580000,0x00000000d9380000)
  from space 7680K, 55% used [0x00000000d9b00000,0x00000000d9f32be0,0x00000000da280000)
  to   space 7680K, 0% used [0x00000000d9380000,0x00000000d9380000,0x00000000d9b00000)
 ParOldGen       total 87552K, used 6078K [0x0000000080000000, 0x0000000085580000, 0x00000000d5580000)
  object space 87552K, 6% used [0x0000000080000000,0x00000000805efb40,0x0000000085580000)
 Metaspace       used 20821K, capacity 21072K, committed 21296K, reserved 1069056K
  class space    used 2312K, capacity 2424K, committed 2432K, reserved 1048576K
}
Event: 15.474 GC heap before
{Heap before GC invocations=9 (full 1):
 PSYoungGen      total 71168K, used 4298K [0x00000000d5580000, 0x00000000da280000, 0x0000000100000000)
  eden space 63488K, 0% used [0x00000000d5580000,0x00000000d5580000,0x00000000d9380000)
  from space 7680K, 55% used [0x00000000d9b00000,0x00000000d9f32be0,0x00000000da280000)
  to   space 7680K, 0% used [0x00000000d9380000,0x00000000d9380000,0x00000000d9b00000)
 ParOldGen       total 87552K, used 6078K [0x0000000080000000, 0x0000000085580000, 0x00000000d5580000)
  object space 87552K, 6% used [0x0000000080000000,0x00000000805efb40,0x0000000085580000)
 Metaspace       used 20821K, capacity 21072K, committed 21296K, reserved 1069056K
  class space    used 2312K, capacity 2424K, committed 2432K, reserved 1048576K
Event: 15.686 GC heap after
Heap after GC invocations=9 (full 1):
 PSYoungGen      total 71168K, used 0K [0x00000000d5580000, 0x00000000da280000, 0x0000000100000000)
  eden space 63488K, 0% used [0x00000000d5580000,0x00000000d5580000,0x00000000d9380000)
  from space 7680K, 0% used [0x00000000d9b00000,0x00000000d9b00000,0x00000000da280000)
  to   space 7680K, 0% used [0x00000000d9380000,0x00000000d9380000,0x00000000d9b00000)
 ParOldGen       total 57344K, used 8867K [0x0000000080000000, 0x0000000083800000, 0x00000000d5580000)
  object space 57344K, 15% used [0x0000000080000000,0x00000000808a8cd8,0x0000000083800000)
 Metaspace       used 20821K, capacity 21072K, committed 21296K, reserved 1069056K
  class space    used 2312K, capacity 2424K, committed 2432K, reserved 1048576K
}
Event: 17.921 GC heap before
{Heap before GC invocations=10 (full 1):
 PSYoungGen      total 71168K, used 63488K [0x00000000d5580000, 0x00000000da280000, 0x0000000100000000)
  eden space 63488K, 100% used [0x00000000d5580000,0x00000000d9380000,0x00000000d9380000)
  from space 7680K, 0% used [0x00000000d9b00000,0x00000000d9b00000,0x00000000da280000)
  to   space 7680K, 0% used [0x00000000d9380000,0x00000000d9380000,0x00000000d9b00000)
 ParOldGen       total 57344K, used 8867K [0x0000000080000000, 0x0000000083800000, 0x00000000d5580000)
  object space 57344K, 15% used [0x0000000080000000,0x00000000808a8cd8,0x0000000083800000)
 Metaspace       used 21894K, capacity 22200K, committed 22448K, reserved 1069056K
  class space    used 2416K, capacity 2541K, committed 2560K, reserved 1048576K
Event: 17.931 GC heap after
Heap after GC invocations=10 (full 1):
 PSYoungGen      total 71168K, used 2464K [0x00000000d5580000, 0x00000000db900000, 0x0000000100000000)
  eden space 63488K, 0% used [0x00000000d5580000,0x00000000d5580000,0x00000000d9380000)
  from space 7680K, 32% used [0x00000000d9380000,0x00000000d95e8150,0x00000000d9b00000)
  to   space 8192K, 0% used [0x00000000db100000,0x00000000db100000,0x00000000db900000)
 ParOldGen       total 57344K, used 8875K [0x0000000080000000, 0x0000000083800000, 0x00000000d5580000)
  object space 57344K, 15% used [0x0000000080000000,0x00000000808aacd8,0x0000000083800000)
 Metaspace       used 21894K, capacity 22200K, committed 22448K, reserved 1069056K
  class space    used 2416K, capacity 2541K, committed 2560K, reserved 1048576K
}
Event: 19.469 GC heap before
{Heap before GC invocations=11 (full 1):
 PSYoungGen      total 71168K, used 65952K [0x00000000d5580000, 0x00000000db900000, 0x0000000100000000)
  eden space 63488K, 100% used [0x00000000d5580000,0x00000000d9380000,0x00000000d9380000)
  from space 7680K, 32% used [0x00000000d9380000,0x00000000d95e8150,0x00000000d9b00000)
  to   space 8192K, 0% used [0x00000000db100000,0x00000000db100000,0x00000000db900000)
 ParOldGen       total 57344K, used 8875K [0x0000000080000000, 0x0000000083800000, 0x00000000d5580000)
  object space 57344K, 15% used [0x0000000080000000,0x00000000808aacd8,0x0000000083800000)
 Metaspace       used 22137K, capacity 22456K, committed 22704K, reserved 1069056K
  class space    used 2424K, capacity 2541K, committed 2560K, reserved 1048576K
Event: 19.479 GC heap after
Heap after GC invocations=11 (full 1):
 PSYoungGen      total 90624K, used 2448K [0x00000000d5580000, 0x00000000db780000, 0x0000000100000000)
  eden space 83968K, 0% used [0x00000000d5580000,0x00000000d5580000,0x00000000da780000)
  from space 6656K, 36% used [0x00000000db100000,0x00000000db364278,0x00000000db780000)
  to   space 8192K, 0% used [0x00000000da780000,0x00000000da780000,0x00000000daf80000)
 ParOldGen       total 57344K, used 8883K [0x0000000080000000, 0x0000000083800000, 0x00000000d5580000)
  object space 57344K, 15% used [0x0000000080000000,0x00000000808accd8,0x0000000083800000)
 Metaspace       used 22137K, capacity 22456K, committed 22704K, reserved 1069056K
  class space    used 2424K, capacity 2541K, committed 2560K, reserved 1048576K
}

