# JRE version: OpenJDK Runtime Environment (Zulu 8.52.0.23-CA-win64) (8.0_282-b08) (build 1.8.0_282-b08)
# Java VM: OpenJDK 64-Bit Server VM (25.282-b08 mixed mode windows-amd64 compressed oops)
Heap:
 PSYoungGen      total 71680K, used 38121K [0x00000000d5580000, 0x00000000da080000, 0x0000000100000000)
  eden space 66560K, 49% used [0x00000000d5580000,0x00000000d75be4f8,0x00000000d9680000)
  from space 5120K, 99% used [0x00000000d9b80000,0x00000000da07c010,0x00000000da080000)
  to   space 5120K, 0% used [0x00000000d9680000,0x00000000d9680000,0x00000000d9b80000)
 ParOldGen       total 61952K, used 12461K [0x0000000080000000, 0x0000000083c80000, 0x00000000d5580000)
  object space 61952K, 20% used [0x0000000080000000,0x0000000080c2b6a8,0x0000000083c80000)
 Metaspace       used 25854K, capacity 26238K, committed 26752K, reserved 1073152K
  class space    used 2961K, capacity 3086K, committed 3200K, reserved 1048576K
GC Heap History (10 events):
Event: 10.089 GC heap before
{Heap before GC invocations=5 (full 0):
 PSYoungGen      total 71680K, used 62885K [0x00000000d5580000, 0x00000000da080000, 0x0000000100000000)
  eden space 66560K, 86% used [0x00000000d5580000,0x00000000d8deabd0,0x00000000d9680000)
  from space 5120K, 99% used [0x00000000d9b80000,0x00000000da07eb68,0x00000000da080000)
  to   space 5120K, 0% used [0x00000000d9680000,0x00000000d9680000,0x00000000d9b80000)
 ParOldGen       total 87552K, used 4910K [0x0000000080000000, 0x0000000085580000, 0x00000000d5580000)
  object space 87552K, 5% used [0x0000000080000000,0x00000000804cba90,0x0000000085580000)
 Metaspace       used 20782K, capacity 21072K, committed 21296K, reserved 1069056K
  class space    used 2310K, capacity 2424K, committed 2432K, reserved 1048576K
Event: 10.112 GC heap after
Heap after GC invocations=5 (full 0):
 PSYoungGen      total 71680K, used 5095K [0x00000000d5580000, 0x00000000da080000, 0x0000000100000000)
  eden space 66560K, 0% used [0x00000000d5580000,0x00000000d5580000,0x00000000d9680000)
  from space 5120K, 99% used [0x00000000d9680000,0x00000000d9b79da8,0x00000000d9b80000)
  to   space 5120K, 0% used [0x00000000d9b80000,0x00000000d9b80000,0x00000000da080000)
 ParOldGen       total 87552K, used 8365K [0x0000000080000000, 0x0000000085580000, 0x00000000d5580000)
  object space 87552K, 9% used [0x0000000080000000,0x000000008082b790,0x0000000085580000)
 Metaspace       used 20782K, capacity 21072K, committed 21296K, reserved 1069056K
  class space    used 2310K, capacity 2424K, committed 2432K, reserved 1048576K
}
Event: 10.112 GC heap before
{Heap before GC invocations=6 (full 1):
 PSYoungGen      total 71680K, used 5095K [0x00000000d5580000, 0x00000000da080000, 0x0000000100000000)
  eden space 66560K, 0% used [0x00000000d5580000,0x00000000d5580000,0x00000000d9680000)
  from space 5120K, 99% used [0x00000000d9680000,0x00000000d9b79da8,0x00000000d9b80000)
  to   space 5120K, 0% used [0x00000000d9b80000,0x00000000d9b80000,0x00000000da080000)
 ParOldGen       total 87552K, used 8365K [0x0000000080000000, 0x0000000085580000, 0x00000000d5580000)
  object space 87552K, 9% used [0x0000000080000000,0x000000008082b790,0x0000000085580000)
 Metaspace       used 20782K, capacity 21072K, committed 21296K, reserved 1069056K
  class space    used 2310K, capacity 2424K, committed 2432K, reserved 1048576K
Event: 10.200 GC heap after
Heap after GC invocations=6 (full 1):
 PSYoungGen      total 71680K, used 0K [0x00000000d5580000, 0x00000000da080000, 0x0000000100000000)
  eden space 66560K, 0% used [0x00000000d5580000,0x00000000d5580000,0x00000000d9680000)
  from space 5120K, 0% used [0x00000000d9680000,0x00000000d9680000,0x00000000d9b80000)
  to   space 5120K, 0% used [0x00000000d9b80000,0x00000000d9b80000,0x00000000da080000)
 ParOldGen       total 61952K, used 9966K [0x0000000080000000, 0x0000000083c80000, 0x00000000d5580000)
  object space 61952K, 16% used [0x0000000080000000,0x00000000809bbb30,0x0000000083c80000)
 Metaspace       used 20782K, capacity 21072K, committed 21296K, reserved 1069056K
  class space    used 2310K, capacity 2424K, committed 2432K, reserved 1048576K
}
Event: 11.256 GC heap before
{Heap before GC invocations=7 (full 1):
 PSYoungGen      total 71680K, used 66560K [0x00000000d5580000, 0x00000000da080000, 0x0000000100000000)
  eden space 66560K, 100% used [0x00000000d5580000,0x00000000d9680000,0x00000000d9680000)
  from space 5120K, 0% used [0x00000000d9680000,0x00000000d9680000,0x00000000d9b80000)
  to   space 5120K, 0% used [0x00000000d9b80000,0x00000000d9b80000,0x00000000da080000)
 ParOldGen       total 61952K, used 9966K [0x0000000080000000, 0x0000000083c80000, 0x00000000d5580000)
  object space 61952K, 16% used [0x0000000080000000,0x00000000809bbb30,0x0000000083c80000)
 Metaspace       used 21872K, capacity 22200K, committed 22448K, reserved 1069056K
  class space    used 2416K, capacity 2541K, committed 2560K, reserved 1048576K
Event: 11.263 GC heap after
Heap after GC invocations=7 (full 1):
 PSYoungGen      total 71680K, used 2464K [0x00000000d5580000, 0x00000000da080000, 0x0000000100000000)
  eden space 66560K, 0% used [0x00000000d5580000,0x00000000d5580000,0x00000000d9680000)
  from space 5120K, 48% used [0x00000000d9b80000,0x00000000d9de8150,0x00000000da080000)
  to   space 5120K, 0% used [0x00000000d9680000,0x00000000d9680000,0x00000000d9b80000)
 ParOldGen       total 61952K, used 9974K [0x0000000080000000, 0x0000000083c80000, 0x00000000d5580000)
  object space 61952K, 16% used [0x0000000080000000,0x00000000809bdb30,0x0000000083c80000)
 Metaspace       used 21872K, capacity 22200K, committed 22448K, reserved 1069056K
  class space    used 2416K, capacity 2541K, committed 2560K, reserved 1048576K
}
Event: 12.864 GC heap before
{Heap before GC invocations=8 (full 1):
 PSYoungGen      total 71680K, used 69024K [0x00000000d5580000, 0x00000000da080000, 0x0000000100000000)
  eden space 66560K, 100% used [0x00000000d5580000,0x00000000d9680000,0x00000000d9680000)
  from space 5120K, 48% used [0x00000000d9b80000,0x00000000d9de8150,0x00000000da080000)
  to   space 5120K, 0% used [0x00000000d9680000,0x00000000d9680000,0x00000000d9b80000)
 ParOldGen       total 61952K, used 9974K [0x0000000080000000, 0x0000000083c80000, 0x00000000d5580000)
  object space 61952K, 16% used [0x0000000080000000,0x00000000809bdb30,0x0000000083c80000)
 Metaspace       used 22109K, capacity 22392K, committed 22704K, reserved 1069056K
  class space    used 2422K, capacity 2541K, committed 2560K, reserved 1048576K
Event: 12.870 GC heap after
Heap after GC invocations=8 (full 1):
 PSYoungGen      total 71680K, used 2400K [0x00000000d5580000, 0x00000000da080000, 0x0000000100000000)
  eden space 66560K, 0% used [0x00000000d5580000,0x00000000d5580000,0x00000000d9680000)
  from space 5120K, 46% used [0x00000000d9680000,0x00000000d98d8268,0x00000000d9b80000)
  to   space 5120K, 0% used [0x00000000d9b80000,0x00000000d9b80000,0x00000000da080000)
 ParOldGen       total 61952K, used 9982K [0x0000000080000000, 0x0000000083c80000, 0x00000000d5580000)
  object space 61952K, 16% used [0x0000000080000000,0x00000000809bfb30,0x0000000083c80000)
 Metaspace       used 22109K, capacity 22392K, committed 22704K, reserved 1069056K
  class space    used 2422K, capacity 2541K, committed 2560K, reserved 1048576K
}
Event: 14.202 GC heap before
{Heap before GC invocations=9 (full 1):
 PSYoungGen      total 71680K, used 68960K [0x00000000d5580000, 0x00000000da080000, 0x0000000100000000)
  eden space 66560K, 100% used [0x00000000d5580000,0x00000000d9680000,0x00000000d9680000)
  from space 5120K, 46% used [0x00000000d9680000,0x00000000d98d8268,0x00000000d9b80000)
  to   space 5120K, 0% used [0x00000000d9b80000,0x00000000d9b80000,0x00000000da080000)
 ParOldGen       total 61952K, used 9982K [0x0000000080000000, 0x0000000083c80000, 0x00000000d5580000)
  object space 61952K, 16% used [0x0000000080000000,0x00000000809bfb30,0x0000000083c80000)
 Metaspace       used 23845K, capacity 24162K, committed 24320K, reserved 1071104K
  class space    used 2696K, capacity 2806K, committed 2816K, reserved 1048576K
Event: 14.223 GC heap after
Heap after GC invocations=9 (full 1):
 PSYoungGen      total 71680K, used 5104K [0x00000000d5580000, 0x00000000da080000, 0x0000000100000000)
  eden space 66560K, 0% used [0x00000000d5580000,0x00000000d5580000,0x00000000d9680000)
  from space 5120K, 99% used [0x00000000d9b80000,0x00000000da07c010,0x00000000da080000)
  to   space 5120K, 0% used [0x00000000d9680000,0x00000000d9680000,0x00000000d9b80000)
 ParOldGen       total 61952K, used 12461K [0x0000000080000000, 0x0000000083c80000, 0x00000000d5580000)
  object space 61952K, 20% used [0x0000000080000000,0x0000000080c2b6a8,0x0000000083c80000)
 Metaspace       used 23845K, capacity 24162K, committed 24320K, reserved 1071104K
  class space    used 2696K, capacity 2806K, committed 2816K, reserved 1048576K
}

