# JRE version: OpenJDK Runtime Environment (Zulu 8.52.0.23-CA-win64) (8.0_282-b08) (build 1.8.0_282-b08)
# Java VM: OpenJDK 64-Bit Server VM (25.282-b08 mixed mode windows-amd64 compressed oops)
Heap:
 PSYoungGen      total 39936K, used 14611K [0x00000000d5580000, 0x00000000da380000, 0x0000000100000000)
  eden space 31744K, 31% used [0x00000000d5580000,0x00000000d5f63518,0x00000000d7480000)
  from space 8192K, 54% used [0x00000000d7480000,0x00000000d78e19c8,0x00000000d7c80000)
  to   space 8192K, 0% used [0x00000000d9b80000,0x00000000d9b80000,0x00000000da380000)
 ParOldGen       total 87552K, used 5716K [0x0000000080000000, 0x0000000085580000, 0x00000000d5580000)
  object space 87552K, 6% used [0x0000000080000000,0x0000000080595300,0x0000000085580000)
 Metaspace       used 19883K, capacity 20158K, committed 20608K, reserved 1067008K
  class space    used 2205K, capacity 2314K, committed 2432K, reserved 1048576K
GC Heap History (10 events):
Event: 5.085 GC heap before
{Heap before GC invocations=3 (full 0):
 PSYoungGen      total 38400K, used 38039K [0x00000000d5580000, 0x00000000d8000000, 0x0000000100000000)
  eden space 33280K, 100% used [0x00000000d5580000,0x00000000d7600000,0x00000000d7600000)
  from space 5120K, 92% used [0x00000000d7b00000,0x00000000d7fa5d58,0x00000000d8000000)
  to   space 5120K, 0% used [0x00000000d7600000,0x00000000d7600000,0x00000000d7b00000)
 ParOldGen       total 87552K, used 16K [0x0000000080000000, 0x0000000085580000, 0x00000000d5580000)
  object space 87552K, 0% used [0x0000000080000000,0x0000000080004000,0x0000000085580000)
 Metaspace       used 10346K, capacity 10454K, committed 10752K, reserved 1058816K
  class space    used 1149K, capacity 1209K, committed 1280K, reserved 1048576K
Event: 5.091 GC heap after
Heap after GC invocations=3 (full 0):
 PSYoungGen      total 38400K, used 4864K [0x00000000d5580000, 0x00000000d8000000, 0x0000000100000000)
  eden space 33280K, 0% used [0x00000000d5580000,0x00000000d5580000,0x00000000d7600000)
  from space 5120K, 95% used [0x00000000d7600000,0x00000000d7ac0098,0x00000000d7b00000)
  to   space 5120K, 0% used [0x00000000d7b00000,0x00000000d7b00000,0x00000000d8000000)
 ParOldGen       total 87552K, used 24K [0x0000000080000000, 0x0000000085580000, 0x00000000d5580000)
  object space 87552K, 0% used [0x0000000080000000,0x0000000080006000,0x0000000085580000)
 Metaspace       used 10346K, capacity 10454K, committed 10752K, reserved 1058816K
  class space    used 1149K, capacity 1209K, committed 1280K, reserved 1048576K
}
Event: 5.813 GC heap before
{Heap before GC invocations=4 (full 0):
 PSYoungGen      total 38400K, used 38144K [0x00000000d5580000, 0x00000000d8000000, 0x0000000100000000)
  eden space 33280K, 100% used [0x00000000d5580000,0x00000000d7600000,0x00000000d7600000)
  from space 5120K, 95% used [0x00000000d7600000,0x00000000d7ac0098,0x00000000d7b00000)
  to   space 5120K, 0% used [0x00000000d7b00000,0x00000000d7b00000,0x00000000d8000000)
 ParOldGen       total 87552K, used 24K [0x0000000080000000, 0x0000000085580000, 0x00000000d5580000)
  object space 87552K, 0% used [0x0000000080000000,0x0000000080006000,0x0000000085580000)
 Metaspace       used 11682K, capacity 11782K, committed 12160K, reserved 1060864K
  class space    used 1267K, capacity 1308K, committed 1408K, reserved 1048576K
Event: 5.821 GC heap after
Heap after GC invocations=4 (full 0):
 PSYoungGen      total 38400K, used 5114K [0x00000000d5580000, 0x00000000d8000000, 0x0000000100000000)
  eden space 33280K, 0% used [0x00000000d5580000,0x00000000d5580000,0x00000000d7600000)
  from space 5120K, 99% used [0x00000000d7b00000,0x00000000d7ffebe0,0x00000000d8000000)
  to   space 5120K, 0% used [0x00000000d7600000,0x00000000d7600000,0x00000000d7b00000)
 ParOldGen       total 87552K, used 472K [0x0000000080000000, 0x0000000085580000, 0x00000000d5580000)
  object space 87552K, 0% used [0x0000000080000000,0x0000000080076330,0x0000000085580000)
 Metaspace       used 11682K, capacity 11782K, committed 12160K, reserved 1060864K
  class space    used 1267K, capacity 1308K, committed 1408K, reserved 1048576K
}
Event: 6.790 GC heap before
{Heap before GC invocations=5 (full 0):
 PSYoungGen      total 38400K, used 38394K [0x00000000d5580000, 0x00000000d8000000, 0x0000000100000000)
  eden space 33280K, 100% used [0x00000000d5580000,0x00000000d7600000,0x00000000d7600000)
  from space 5120K, 99% used [0x00000000d7b00000,0x00000000d7ffebe0,0x00000000d8000000)
  to   space 5120K, 0% used [0x00000000d7600000,0x00000000d7600000,0x00000000d7b00000)
 ParOldGen       total 87552K, used 472K [0x0000000080000000, 0x0000000085580000, 0x00000000d5580000)
  object space 87552K, 0% used [0x0000000080000000,0x0000000080076330,0x0000000085580000)
 Metaspace       used 14716K, capacity 14912K, committed 15232K, reserved 1062912K
  class space    used 1533K, capacity 1605K, committed 1664K, reserved 1048576K
Event: 6.800 GC heap after
Heap after GC invocations=5 (full 0):
 PSYoungGen      total 37888K, used 5098K [0x00000000d5580000, 0x00000000d8380000, 0x0000000100000000)
  eden space 32768K, 0% used [0x00000000d5580000,0x00000000d5580000,0x00000000d7580000)
  from space 5120K, 99% used [0x00000000d7600000,0x00000000d7afab78,0x00000000d7b00000)
  to   space 7168K, 0% used [0x00000000d7c80000,0x00000000d7c80000,0x00000000d8380000)
 ParOldGen       total 87552K, used 2359K [0x0000000080000000, 0x0000000085580000, 0x00000000d5580000)
  object space 87552K, 2% used [0x0000000080000000,0x000000008024de88,0x0000000085580000)
 Metaspace       used 14716K, capacity 14912K, committed 15232K, reserved 1062912K
  class space    used 1533K, capacity 1605K, committed 1664K, reserved 1048576K
}
Event: 7.952 GC heap before
{Heap before GC invocations=6 (full 0):
 PSYoungGen      total 37888K, used 37866K [0x00000000d5580000, 0x00000000d8380000, 0x0000000100000000)
  eden space 32768K, 100% used [0x00000000d5580000,0x00000000d7580000,0x00000000d7580000)
  from space 5120K, 99% used [0x00000000d7600000,0x00000000d7afab78,0x00000000d7b00000)
  to   space 7168K, 0% used [0x00000000d7c80000,0x00000000d7c80000,0x00000000d8380000)
 ParOldGen       total 87552K, used 2359K [0x0000000080000000, 0x0000000085580000, 0x00000000d5580000)
  object space 87552K, 2% used [0x0000000080000000,0x000000008024de88,0x0000000085580000)
 Metaspace       used 17556K, capacity 17728K, committed 18176K, reserved 1064960K
  class space    used 1894K, capacity 1972K, committed 2048K, reserved 1048576K
Event: 7.971 GC heap after
Heap after GC invocations=6 (full 0):
 PSYoungGen      total 38912K, used 6982K [0x00000000d5580000, 0x00000000da580000, 0x0000000100000000)
  eden space 31744K, 0% used [0x00000000d5580000,0x00000000d5580000,0x00000000d7480000)
  from space 7168K, 97% used [0x00000000d7c80000,0x00000000d8351900,0x00000000d8380000)
  to   space 8192K, 0% used [0x00000000d7480000,0x00000000d7480000,0x00000000d7c80000)
 ParOldGen       total 87552K, used 2431K [0x0000000080000000, 0x0000000085580000, 0x00000000d5580000)
  object space 87552K, 2% used [0x0000000080000000,0x000000008025fe98,0x0000000085580000)
 Metaspace       used 17556K, capacity 17728K, committed 18176K, reserved 1064960K
  class space    used 1894K, capacity 1972K, committed 2048K, reserved 1048576K
}
Event: 8.875 GC heap before
{Heap before GC invocations=7 (full 0):
 PSYoungGen      total 38912K, used 38726K [0x00000000d5580000, 0x00000000da580000, 0x0000000100000000)
  eden space 31744K, 100% used [0x00000000d5580000,0x00000000d7480000,0x00000000d7480000)
  from space 7168K, 97% used [0x00000000d7c80000,0x00000000d8351900,0x00000000d8380000)
  to   space 8192K, 0% used [0x00000000d7480000,0x00000000d7480000,0x00000000d7c80000)
 ParOldGen       total 87552K, used 2431K [0x0000000080000000, 0x0000000085580000, 0x00000000d5580000)
  object space 87552K, 2% used [0x0000000080000000,0x000000008025fe98,0x0000000085580000)
 Metaspace       used 19727K, capacity 19948K, committed 20352K, reserved 1067008K
  class space    used 2187K, capacity 2308K, committed 2432K, reserved 1048576K
Event: 8.887 GC heap after
Heap after GC invocations=7 (full 0):
 PSYoungGen      total 39936K, used 4486K [0x00000000d5580000, 0x00000000da380000, 0x0000000100000000)
  eden space 31744K, 0% used [0x00000000d5580000,0x00000000d5580000,0x00000000d7480000)
  from space 8192K, 54% used [0x00000000d7480000,0x00000000d78e19c8,0x00000000d7c80000)
  to   space 8192K, 0% used [0x00000000d9b80000,0x00000000d9b80000,0x00000000da380000)
 ParOldGen       total 87552K, used 5716K [0x0000000080000000, 0x0000000085580000, 0x00000000d5580000)
  object space 87552K, 6% used [0x0000000080000000,0x0000000080595300,0x0000000085580000)
 Metaspace       used 19727K, capacity 19948K, committed 20352K, reserved 1067008K
  class space    used 2187K, capacity 2308K, committed 2432K, reserved 1048576K
}

