# JRE version: OpenJDK Runtime Environment (Zulu 8.52.0.23-CA-win64) (8.0_282-b08) (build 1.8.0_282-b08)
# Java VM: OpenJDK 64-Bit Server VM (25.282-b08 mixed mode windows-amd64 compressed oops)
Heap:
 PSYoungGen      total 50688K, used 12152K [0x00000000d5580000, 0x00000000d9c80000, 0x0000000100000000)
  eden space 42496K, 23% used [0x00000000d5580000,0x00000000d5f6e158,0x00000000d7f00000)
  from space 8192K, 24% used [0x00000000d8780000,0x00000000d8970000,0x00000000d8f80000)
  to   space 8704K, 0% used [0x00000000d7f00000,0x00000000d7f00000,0x00000000d8780000)
 ParOldGen       total 56320K, used 11033K [0x0000000080000000, 0x0000000083700000, 0x00000000d5580000)
  object space 56320K, 19% used [0x0000000080000000,0x0000000080ac6718,0x0000000083700000)
 Metaspace       used 22462K, capacity 22838K, committed 23088K, reserved 1069056K
  class space    used 2447K, capacity 2579K, committed 2688K, reserved 1048576K
GC Heap History (10 events):
Event: 15.979 GC heap before
{Heap before GC invocations=9 (full 1):
 PSYoungGen      total 39424K, used 4150K [0x00000000d5580000, 0x00000000d8400000, 0x0000000100000000)
  eden space 31232K, 0% used [0x00000000d5580000,0x00000000d5580000,0x00000000d7400000)
  from space 8192K, 50% used [0x00000000d7c00000,0x00000000d800d900,0x00000000d8400000)
  to   space 4608K, 0% used [0x00000000d7480000,0x00000000d7480000,0x00000000d7900000)
 ParOldGen       total 87552K, used 6326K [0x0000000080000000, 0x0000000085580000, 0x00000000d5580000)
  object space 87552K, 7% used [0x0000000080000000,0x000000008062db30,0x0000000085580000)
 Metaspace       used 20819K, capacity 21072K, committed 21296K, reserved 1069056K
  class space    used 2312K, capacity 2424K, committed 2432K, reserved 1048576K
Event: 16.164 GC heap after
Heap after GC invocations=9 (full 1):
 PSYoungGen      total 39424K, used 0K [0x00000000d5580000, 0x00000000d8400000, 0x0000000100000000)
  eden space 31232K, 0% used [0x00000000d5580000,0x00000000d5580000,0x00000000d7400000)
  from space 8192K, 0% used [0x00000000d7c00000,0x00000000d7c00000,0x00000000d8400000)
  to   space 4608K, 0% used [0x00000000d7480000,0x00000000d7480000,0x00000000d7900000)
 ParOldGen       total 56320K, used 8893K [0x0000000080000000, 0x0000000083700000, 0x00000000d5580000)
  object space 56320K, 15% used [0x0000000080000000,0x00000000808af560,0x0000000083700000)
 Metaspace       used 20819K, capacity 21072K, committed 21296K, reserved 1069056K
  class space    used 2312K, capacity 2424K, committed 2432K, reserved 1048576K
}
Event: 17.114 GC heap before
{Heap before GC invocations=10 (full 1):
 PSYoungGen      total 39424K, used 31232K [0x00000000d5580000, 0x00000000d8400000, 0x0000000100000000)
  eden space 31232K, 100% used [0x00000000d5580000,0x00000000d7400000,0x00000000d7400000)
  from space 8192K, 0% used [0x00000000d7c00000,0x00000000d7c00000,0x00000000d8400000)
  to   space 4608K, 0% used [0x00000000d7480000,0x00000000d7480000,0x00000000d7900000)
 ParOldGen       total 56320K, used 8893K [0x0000000080000000, 0x0000000083700000, 0x00000000d5580000)
  object space 56320K, 15% used [0x0000000080000000,0x00000000808af560,0x0000000083700000)
 Metaspace       used 21639K, capacity 21936K, committed 22192K, reserved 1069056K
  class space    used 2393K, capacity 2500K, committed 2560K, reserved 1048576K
Event: 17.119 GC heap after
Heap after GC invocations=10 (full 1):
 PSYoungGen      total 36352K, used 1248K [0x00000000d5580000, 0x00000000d8f80000, 0x0000000100000000)
  eden space 31744K, 0% used [0x00000000d5580000,0x00000000d5580000,0x00000000d7480000)
  from space 4608K, 27% used [0x00000000d7480000,0x00000000d75b8000,0x00000000d7900000)
  to   space 8192K, 0% used [0x00000000d8780000,0x00000000d8780000,0x00000000d8f80000)
 ParOldGen       total 56320K, used 8901K [0x0000000080000000, 0x0000000083700000, 0x00000000d5580000)
  object space 56320K, 15% used [0x0000000080000000,0x00000000808b1560,0x0000000083700000)
 Metaspace       used 21639K, capacity 21936K, committed 22192K, reserved 1069056K
  class space    used 2393K, capacity 2500K, committed 2560K, reserved 1048576K
}
Event: 18.348 GC heap before
{Heap before GC invocations=11 (full 1):
 PSYoungGen      total 36352K, used 32992K [0x00000000d5580000, 0x00000000d8f80000, 0x0000000100000000)
  eden space 31744K, 100% used [0x00000000d5580000,0x00000000d7480000,0x00000000d7480000)
  from space 4608K, 27% used [0x00000000d7480000,0x00000000d75b8000,0x00000000d7900000)
  to   space 8192K, 0% used [0x00000000d8780000,0x00000000d8780000,0x00000000d8f80000)
 ParOldGen       total 56320K, used 8901K [0x0000000080000000, 0x0000000083700000, 0x00000000d5580000)
  object space 56320K, 15% used [0x0000000080000000,0x00000000808b1560,0x0000000083700000)
 Metaspace       used 21937K, capacity 22264K, committed 22448K, reserved 1069056K
  class space    used 2416K, capacity 2541K, committed 2560K, reserved 1048576K
Event: 18.358 GC heap after
Heap after GC invocations=11 (full 1):
 PSYoungGen      total 50688K, used 2320K [0x00000000d5580000, 0x00000000d9080000, 0x0000000100000000)
  eden space 42496K, 0% used [0x00000000d5580000,0x00000000d5580000,0x00000000d7f00000)
  from space 8192K, 28% used [0x00000000d8780000,0x00000000d89c4160,0x00000000d8f80000)
  to   space 8704K, 0% used [0x00000000d7f00000,0x00000000d7f00000,0x00000000d8780000)
 ParOldGen       total 56320K, used 8909K [0x0000000080000000, 0x0000000083700000, 0x00000000d5580000)
  object space 56320K, 15% used [0x0000000080000000,0x00000000808b3560,0x0000000083700000)
 Metaspace       used 21937K, capacity 22264K, committed 22448K, reserved 1069056K
  class space    used 2416K, capacity 2541K, committed 2560K, reserved 1048576K
}
Event: 19.528 GC heap before
{Heap before GC invocations=12 (full 1):
 PSYoungGen      total 50688K, used 44816K [0x00000000d5580000, 0x00000000d9080000, 0x0000000100000000)
  eden space 42496K, 100% used [0x00000000d5580000,0x00000000d7f00000,0x00000000d7f00000)
  from space 8192K, 28% used [0x00000000d8780000,0x00000000d89c4160,0x00000000d8f80000)
  to   space 8704K, 0% used [0x00000000d7f00000,0x00000000d7f00000,0x00000000d8780000)
 ParOldGen       total 56320K, used 8909K [0x0000000080000000, 0x0000000083700000, 0x00000000d5580000)
  object space 56320K, 15% used [0x0000000080000000,0x00000000808b3560,0x0000000083700000)
 Metaspace       used 22150K, capacity 22456K, committed 22704K, reserved 1069056K
  class space    used 2422K, capacity 2541K, committed 2560K, reserved 1048576K
Event: 19.534 GC heap after
Heap after GC invocations=12 (full 1):
 PSYoungGen      total 51200K, used 352K [0x00000000d5580000, 0x00000000d9080000, 0x0000000100000000)
  eden space 42496K, 0% used [0x00000000d5580000,0x00000000d5580000,0x00000000d7f00000)
  from space 8704K, 4% used [0x00000000d7f00000,0x00000000d7f58268,0x00000000d8780000)
  to   space 8192K, 0% used [0x00000000d8780000,0x00000000d8780000,0x00000000d8f80000)
 ParOldGen       total 56320K, used 10961K [0x0000000080000000, 0x0000000083700000, 0x00000000d5580000)
  object space 56320K, 19% used [0x0000000080000000,0x0000000080ab46f8,0x0000000083700000)
 Metaspace       used 22150K, capacity 22456K, committed 22704K, reserved 1069056K
  class space    used 2422K, capacity 2541K, committed 2560K, reserved 1048576K
}
Event: 20.721 GC heap before
{Heap before GC invocations=13 (full 1):
 PSYoungGen      total 51200K, used 42848K [0x00000000d5580000, 0x00000000d9080000, 0x0000000100000000)
  eden space 42496K, 100% used [0x00000000d5580000,0x00000000d7f00000,0x00000000d7f00000)
  from space 8704K, 4% used [0x00000000d7f00000,0x00000000d7f58268,0x00000000d8780000)
  to   space 8192K, 0% used [0x00000000d8780000,0x00000000d8780000,0x00000000d8f80000)
 ParOldGen       total 56320K, used 10961K [0x0000000080000000, 0x0000000083700000, 0x00000000d5580000)
  object space 56320K, 19% used [0x0000000080000000,0x0000000080ab46f8,0x0000000083700000)
 Metaspace       used 22299K, capacity 22648K, committed 22960K, reserved 1069056K
  class space    used 2435K, capacity 2541K, committed 2560K, reserved 1048576K
Event: 20.727 GC heap after
Heap after GC invocations=13 (full 1):
 PSYoungGen      total 50688K, used 1984K [0x00000000d5580000, 0x00000000d9c80000, 0x0000000100000000)
  eden space 42496K, 0% used [0x00000000d5580000,0x00000000d5580000,0x00000000d7f00000)
  from space 8192K, 24% used [0x00000000d8780000,0x00000000d8970000,0x00000000d8f80000)
  to   space 8704K, 0% used [0x00000000d7f00000,0x00000000d7f00000,0x00000000d8780000)
 ParOldGen       total 56320K, used 11033K [0x0000000080000000, 0x0000000083700000, 0x00000000d5580000)
  object space 56320K, 19% used [0x0000000080000000,0x0000000080ac6718,0x0000000083700000)
 Metaspace       used 22299K, capacity 22648K, committed 22960K, reserved 1069056K
  class space    used 2435K, capacity 2541K, committed 2560K, reserved 1048576K
}

